<?xml version="1.0" encoding="UTF-8"?>
<testsuite xmlns:xsi="http://www.w3.org/2001/XMLSchema-instance" xsi:noNamespaceSchemaLocation="https://maven.apache.org/surefire/maven-surefire-plugin/xsd/surefire-test-report-3.0.xsd" version="3.0" name="br.com.rsdconsultoria.hexagonal.AccountingApplicationServiceTest" time="1.411" tests="2" errors="0" skipped="0" failures="0">
  <properties>
    <property name="java.specification.version" value="21"/>
    <property name="sun.jnu.encoding" value="UTF-8"/>
    <property name="java.class.path" value="/Users/rafaeldias/repositories/lab-arquitetura-hexagonal-2024/hexagonal-core/target/test-classes:/Users/rafaeldias/repositories/lab-arquitetura-hexagonal-2024/hexagonal-core/target/classes:/Users/rafaeldias/.m2/repository/org/junit/jupiter/junit-jupiter-api/5.8.2/junit-jupiter-api-5.8.2.jar:/Users/rafaeldias/.m2/repository/org/opentest4j/opentest4j/1.2.0/opentest4j-1.2.0.jar:/Users/rafaeldias/.m2/repository/org/junit/platform/junit-platform-commons/1.8.2/junit-platform-commons-1.8.2.jar:/Users/rafaeldias/.m2/repository/org/apiguardian/apiguardian-api/1.1.2/apiguardian-api-1.1.2.jar:/Users/rafaeldias/.m2/repository/org/junit/jupiter/junit-jupiter-engine/5.8.2/junit-jupiter-engine-5.8.2.jar:/Users/rafaeldias/.m2/repository/org/junit/platform/junit-platform-engine/1.8.2/junit-platform-engine-1.8.2.jar:/Users/rafaeldias/.m2/repository/org/mockito/mockito-core/3.12.4/mockito-core-3.12.4.jar:/Users/rafaeldias/.m2/repository/net/bytebuddy/byte-buddy/1.11.13/byte-buddy-1.11.13.jar:/Users/rafaeldias/.m2/repository/net/bytebuddy/byte-buddy-agent/1.11.13/byte-buddy-agent-1.11.13.jar:/Users/rafaeldias/.m2/repository/org/objenesis/objenesis/3.2/objenesis-3.2.jar:/Users/rafaeldias/.m2/repository/org/mockito/mockito-junit-jupiter/3.12.4/mockito-junit-jupiter-3.12.4.jar:/Users/rafaeldias/.m2/repository/org/testcontainers/junit-jupiter/1.16.0/junit-jupiter-1.16.0.jar:/Users/rafaeldias/.m2/repository/org/testcontainers/testcontainers/1.16.0/testcontainers-1.16.0.jar:/Users/rafaeldias/.m2/repository/junit/junit/4.12/junit-4.12.jar:/Users/rafaeldias/.m2/repository/org/hamcrest/hamcrest-core/1.3/hamcrest-core-1.3.jar:/Users/rafaeldias/.m2/repository/org/slf4j/slf4j-api/1.7.30/slf4j-api-1.7.30.jar:/Users/rafaeldias/.m2/repository/org/apache/commons/commons-compress/1.20/commons-compress-1.20.jar:/Users/rafaeldias/.m2/repository/org/rnorth/duct-tape/duct-tape/1.0.8/duct-tape-1.0.8.jar:/Users/rafaeldias/.m2/repository/com/github/docker-java/docker-java-api/3.2.11/docker-java-api-3.2.11.jar:/Users/rafaeldias/.m2/repository/com/fasterxml/jackson/core/jackson-annotations/2.10.3/jackson-annotations-2.10.3.jar:/Users/rafaeldias/.m2/repository/com/github/docker-java/docker-java-transport-zerodep/3.2.11/docker-java-transport-zerodep-3.2.11.jar:/Users/rafaeldias/.m2/repository/com/github/docker-java/docker-java-transport/3.2.11/docker-java-transport-3.2.11.jar:/Users/rafaeldias/.m2/repository/net/java/dev/jna/jna/5.8.0/jna-5.8.0.jar:/Users/rafaeldias/.m2/repository/org/testcontainers/mysql/1.16.0/mysql-1.16.0.jar:/Users/rafaeldias/.m2/repository/org/testcontainers/jdbc/1.16.0/jdbc-1.16.0.jar:/Users/rafaeldias/.m2/repository/org/testcontainers/database-commons/1.16.0/database-commons-1.16.0.jar:"/>
    <property name="java.vm.vendor" value="Homebrew"/>
    <property name="sun.arch.data.model" value="64"/>
    <property name="java.vendor.url" value="https://github.com/Homebrew/homebrew-core/issues"/>
    <property name="os.name" value="Mac OS X"/>
    <property name="java.vm.specification.version" value="21"/>
    <property name="sun.java.launcher" value="SUN_STANDARD"/>
    <property name="user.country" value="BR"/>
    <property name="sun.boot.library.path" value="/usr/local/Cellar/openjdk/21/libexec/openjdk.jdk/Contents/Home/lib"/>
    <property name="sun.java.command" value="/Users/rafaeldias/repositories/lab-arquitetura-hexagonal-2024/hexagonal-core/target/surefire/surefirebooter-20240911225107815_3.jar /Users/rafaeldias/repositories/lab-arquitetura-hexagonal-2024/hexagonal-core/target/surefire 2024-09-11T22-51-06_380-jvmRun1 surefire-20240911225107815_1tmp surefire_0-20240911225107815_2tmp"/>
    <property name="http.nonProxyHosts" value="local|*.local|169.254/16|*.169.254/16"/>
    <property name="jdk.debug" value="release"/>
    <property name="surefire.test.class.path" value="/Users/rafaeldias/repositories/lab-arquitetura-hexagonal-2024/hexagonal-core/target/test-classes:/Users/rafaeldias/repositories/lab-arquitetura-hexagonal-2024/hexagonal-core/target/classes:/Users/rafaeldias/.m2/repository/org/junit/jupiter/junit-jupiter-api/5.8.2/junit-jupiter-api-5.8.2.jar:/Users/rafaeldias/.m2/repository/org/opentest4j/opentest4j/1.2.0/opentest4j-1.2.0.jar:/Users/rafaeldias/.m2/repository/org/junit/platform/junit-platform-commons/1.8.2/junit-platform-commons-1.8.2.jar:/Users/rafaeldias/.m2/repository/org/apiguardian/apiguardian-api/1.1.2/apiguardian-api-1.1.2.jar:/Users/rafaeldias/.m2/repository/org/junit/jupiter/junit-jupiter-engine/5.8.2/junit-jupiter-engine-5.8.2.jar:/Users/rafaeldias/.m2/repository/org/junit/platform/junit-platform-engine/1.8.2/junit-platform-engine-1.8.2.jar:/Users/rafaeldias/.m2/repository/org/mockito/mockito-core/3.12.4/mockito-core-3.12.4.jar:/Users/rafaeldias/.m2/repository/net/bytebuddy/byte-buddy/1.11.13/byte-buddy-1.11.13.jar:/Users/rafaeldias/.m2/repository/net/bytebuddy/byte-buddy-agent/1.11.13/byte-buddy-agent-1.11.13.jar:/Users/rafaeldias/.m2/repository/org/objenesis/objenesis/3.2/objenesis-3.2.jar:/Users/rafaeldias/.m2/repository/org/mockito/mockito-junit-jupiter/3.12.4/mockito-junit-jupiter-3.12.4.jar:/Users/rafaeldias/.m2/repository/org/testcontainers/junit-jupiter/1.16.0/junit-jupiter-1.16.0.jar:/Users/rafaeldias/.m2/repository/org/testcontainers/testcontainers/1.16.0/testcontainers-1.16.0.jar:/Users/rafaeldias/.m2/repository/junit/junit/4.12/junit-4.12.jar:/Users/rafaeldias/.m2/repository/org/hamcrest/hamcrest-core/1.3/hamcrest-core-1.3.jar:/Users/rafaeldias/.m2/repository/org/slf4j/slf4j-api/1.7.30/slf4j-api-1.7.30.jar:/Users/rafaeldias/.m2/repository/org/apache/commons/commons-compress/1.20/commons-compress-1.20.jar:/Users/rafaeldias/.m2/repository/org/rnorth/duct-tape/duct-tape/1.0.8/duct-tape-1.0.8.jar:/Users/rafaeldias/.m2/repository/com/github/docker-java/docker-java-api/3.2.11/docker-java-api-3.2.11.jar:/Users/rafaeldias/.m2/repository/com/fasterxml/jackson/core/jackson-annotations/2.10.3/jackson-annotations-2.10.3.jar:/Users/rafaeldias/.m2/repository/com/github/docker-java/docker-java-transport-zerodep/3.2.11/docker-java-transport-zerodep-3.2.11.jar:/Users/rafaeldias/.m2/repository/com/github/docker-java/docker-java-transport/3.2.11/docker-java-transport-3.2.11.jar:/Users/rafaeldias/.m2/repository/net/java/dev/jna/jna/5.8.0/jna-5.8.0.jar:/Users/rafaeldias/.m2/repository/org/testcontainers/mysql/1.16.0/mysql-1.16.0.jar:/Users/rafaeldias/.m2/repository/org/testcontainers/jdbc/1.16.0/jdbc-1.16.0.jar:/Users/rafaeldias/.m2/repository/org/testcontainers/database-commons/1.16.0/database-commons-1.16.0.jar:"/>
    <property name="sun.cpu.endian" value="little"/>
    <property name="user.home" value="/Users/rafaeldias"/>
    <property name="user.language" value="en"/>
    <property name="java.specification.vendor" value="Oracle Corporation"/>
    <property name="java.version.date" value="2023-09-19"/>
    <property name="java.home" value="/usr/local/Cellar/openjdk/21/libexec/openjdk.jdk/Contents/Home"/>
    <property name="file.separator" value="/"/>
    <property name="basedir" value="/Users/rafaeldias/repositories/lab-arquitetura-hexagonal-2024/hexagonal-core"/>
    <property name="java.vm.compressedOopsMode" value="Zero based"/>
    <property name="line.separator" value="&#10;"/>
    <property name="java.vm.specification.vendor" value="Oracle Corporation"/>
    <property name="java.specification.name" value="Java Platform API Specification"/>
    <property name="apple.awt.application.name" value="ForkedBooter"/>
    <property name="surefire.real.class.path" value="/Users/rafaeldias/repositories/lab-arquitetura-hexagonal-2024/hexagonal-core/target/surefire/surefirebooter-20240911225107815_3.jar"/>
    <property name="sun.management.compiler" value="HotSpot 64-Bit Tiered Compilers"/>
    <property name="ftp.nonProxyHosts" value="local|*.local|169.254/16|*.169.254/16"/>
    <property name="java.runtime.version" value="21"/>
    <property name="user.name" value="rafaeldias"/>
    <property name="stdout.encoding" value="UTF-8"/>
    <property name="path.separator" value=":"/>
    <property name="os.version" value="12.7.6"/>
    <property name="java.runtime.name" value="OpenJDK Runtime Environment"/>
    <property name="file.encoding" value="UTF-8"/>
    <property name="java.vm.name" value="OpenJDK 64-Bit Server VM"/>
    <property name="java.vendor.version" value="Homebrew"/>
    <property name="localRepository" value="/Users/rafaeldias/.m2/repository"/>
    <property name="java.vendor.url.bug" value="https://github.com/Homebrew/homebrew-core/issues"/>
    <property name="java.io.tmpdir" value="/var/folders/2s/j6n4hwx51s5fk5fvm801btjr0000gn/T/"/>
    <property name="java.version" value="21"/>
    <property name="user.dir" value="/Users/rafaeldias/repositories/lab-arquitetura-hexagonal-2024/hexagonal-core"/>
    <property name="os.arch" value="x86_64"/>
    <property name="java.vm.specification.name" value="Java Virtual Machine Specification"/>
    <property name="native.encoding" value="UTF-8"/>
    <property name="java.library.path" value="/Users/rafaeldias/Library/Java/Extensions:/Library/Java/Extensions:/Network/Library/Java/Extensions:/System/Library/Java/Extensions:/usr/lib/java:."/>
    <property name="java.vm.info" value="mixed mode, sharing"/>
    <property name="stderr.encoding" value="UTF-8"/>
    <property name="java.vendor" value="Homebrew"/>
    <property name="java.vm.version" value="21"/>
    <property name="sun.io.unicode.encoding" value="UnicodeBig"/>
    <property name="socksNonProxyHosts" value="local|*.local|169.254/16|*.169.254/16"/>
    <property name="java.class.version" value="65.0"/>
  </properties>
  <testcase name="testProcessInvoicePayment_Failure" classname="br.com.rsdconsultoria.hexagonal.AccountingApplicationServiceTest" time="1.352"/>
  <testcase name="testProcessInvoicePayment_Success" classname="br.com.rsdconsultoria.hexagonal.AccountingApplicationServiceTest" time="0.008"/>
</testsuite>